[debug] [2022-08-25T06:35:13.545Z] ----------------------------------------------------------------------
[debug] [2022-08-25T06:35:13.547Z] Command:       C:\Program Files\nodejs\node.exe C:\Users\usuario\AppData\Roaming\npm\node_modules\firebase-tools\lib\bin\firebase.js deploy
[debug] [2022-08-25T06:35:13.547Z] CLI Version:   11.6.0
[debug] [2022-08-25T06:35:13.547Z] Platform:      win32
[debug] [2022-08-25T06:35:13.547Z] Node Version:  v16.13.1
[debug] [2022-08-25T06:35:13.553Z] Time:          Thu Aug 25 2022 08:35:13 GMT+0200 (hora de verano de Europa central)
[debug] [2022-08-25T06:35:13.553Z] ----------------------------------------------------------------------
[debug] 
[debug] [2022-08-25T06:35:13.556Z] >>> [apiv2][query] GET https://firebase-public.firebaseio.com/cli.json [none]
[debug] [2022-08-25T06:35:13.624Z] > command requires scopes: ["email","openid","https://www.googleapis.com/auth/cloudplatformprojects.readonly","https://www.googleapis.com/auth/firebase","https://www.googleapis.com/auth/cloud-platform"]
[debug] [2022-08-25T06:35:13.624Z] > authorizing via signed-in user (nacho.porras@lgfm.app)
[debug] [2022-08-25T06:35:13.624Z] [iam] checking project autoescuelaclickanddrive for permissions ["firebase.projects.get","firebasehosting.sites.update"]
[debug] [2022-08-25T06:35:13.625Z] > refreshing access token with scopes: []
[debug] [2022-08-25T06:35:13.626Z] >>> [apiv2][query] POST https://www.googleapis.com/oauth2/v3/token [none]
[debug] [2022-08-25T06:35:13.626Z] >>> [apiv2][body] POST https://www.googleapis.com/oauth2/v3/token [omitted]
[debug] [2022-08-25T06:35:13.790Z] <<< [apiv2][status] POST https://www.googleapis.com/oauth2/v3/token 200
[debug] [2022-08-25T06:35:13.790Z] <<< [apiv2][body] POST https://www.googleapis.com/oauth2/v3/token [omitted]
[debug] [2022-08-25T06:35:13.797Z] >>> [apiv2][query] POST https://cloudresourcemanager.googleapis.com/v1/projects/autoescuelaclickanddrive:testIamPermissions [none]
[debug] [2022-08-25T06:35:13.797Z] >>> [apiv2][(partial)header] POST https://cloudresourcemanager.googleapis.com/v1/projects/autoescuelaclickanddrive:testIamPermissions x-goog-quota-user=projects/autoescuelaclickanddrive
[debug] [2022-08-25T06:35:13.797Z] >>> [apiv2][body] POST https://cloudresourcemanager.googleapis.com/v1/projects/autoescuelaclickanddrive:testIamPermissions {"permissions":["firebase.projects.get","firebasehosting.sites.update"]}
[debug] [2022-08-25T06:35:13.937Z] <<< [apiv2][status] GET https://firebase-public.firebaseio.com/cli.json 200
[debug] [2022-08-25T06:35:13.937Z] <<< [apiv2][body] GET https://firebase-public.firebaseio.com/cli.json {"cloudBuildErrorAfter":1594252800000,"cloudBuildWarnAfter":1590019200000,"defaultNode10After":1594252800000,"minVersion":"3.0.5","node8DeploysDisabledAfter":1613390400000,"node8RuntimeDisabledAfter":1615809600000,"node8WarnAfter":1600128000000}
[debug] [2022-08-25T06:35:14.617Z] <<< [apiv2][status] POST https://cloudresourcemanager.googleapis.com/v1/projects/autoescuelaclickanddrive:testIamPermissions 200
[debug] [2022-08-25T06:35:14.617Z] <<< [apiv2][body] POST https://cloudresourcemanager.googleapis.com/v1/projects/autoescuelaclickanddrive:testIamPermissions {}
[debug] [2022-08-25T06:35:14.617Z] [iam] error while checking permissions, command may fail: FirebaseError: Authorization failed. This account is missing the following required permissions on project autoescuelaclickanddrive:

  firebase.projects.get
  firebasehosting.sites.update
[debug] [2022-08-25T06:35:14.618Z] >>> [apiv2][query] GET https://firebase.googleapis.com/v1beta1/projects/autoescuelaclickanddrive [none]
[debug] [2022-08-25T06:35:15.000Z] <<< [apiv2][status] GET https://firebase.googleapis.com/v1beta1/projects/autoescuelaclickanddrive 403
[debug] [2022-08-25T06:35:15.000Z] <<< [apiv2][body] GET https://firebase.googleapis.com/v1beta1/projects/autoescuelaclickanddrive {"error":{"code":403,"message":"The caller does not have permission","status":"PERMISSION_DENIED"}}
[debug] [2022-08-25T06:35:15.001Z] HTTP Error: 403, The caller does not have permission
[debug] [2022-08-25T06:35:15.101Z] FirebaseError: HTTP Error: 403, The caller does not have permission
    at responseToError (C:\Users\usuario\AppData\Roaming\npm\node_modules\firebase-tools\lib\responseToError.js:49:12)
    at RetryOperation._fn (C:\Users\usuario\AppData\Roaming\npm\node_modules\firebase-tools\lib\apiv2.js:288:77)
    at processTicksAndRejections (node:internal/process/task_queues:96:5)
[error] 
[error] Error: Failed to get Firebase project autoescuelaclickanddrive. Please make sure the project exists and your account has permission to access it.
